<?xml version="1.0" encoding="UTF-8"?>
<!-- Generated by org.testng.reporters.JUnitReportReporter -->
<testsuite hostname="DESKTOP-7KR4T81" failures="0" tests="1" name="com.first.Test.FirstTest" time="12.382" errors="0" timestamp="2024-01-16T23:54:24 IST" skipped="0">
  <testcase classname="com.first.Test.FirstTest" name="TestYoutube" time="12.382"/>
</testsuite> <!-- com.first.Test.FirstTest -->
