<?xml version="1.0" encoding="UTF-8"?>
<!-- Generated by org.testng.reporters.JUnitReportReporter -->
<testsuite hostname="DESKTOP-7KR4T81" failures="0" tests="1" name="com.first.Test.orangeHRM" time="34.648" errors="0" timestamp="2024-01-17T00:53:34 IST" skipped="0">
  <testcase classname="com.first.Test.orangeHRM" name="launchApp" time="34.648"/>
</testsuite> <!-- com.first.Test.orangeHRM -->
