<?xml version="1.0" encoding="UTF-8"?>
<!-- Generated by org.testng.reporters.JUnitReportReporter -->
<testsuite hostname="DESKTOP-7KR4T81" failures="0" tests="1" name="TestClass" time="0.009" errors="0" timestamp="2024-01-11T01:42:17 IST" skipped="0">
  <testcase classname="TestClass" name="foo" time="0.009"/>
  <system-out/>
</testsuite> <!-- TestClass -->
