<?xml version="1.0" encoding="UTF-8"?>
<!-- Generated by org.testng.reporters.JUnitReportReporter -->
<testsuite hostname="DESKTOP-7KR4T81" failures="0" tests="1" name="com.first.Test.FirstTest" time="9.754" errors="0" timestamp="2024-01-11T02:57:57 IST" skipped="0">
  <testcase classname="com.first.Test.FirstTest" name="TestYoutube" time="9.754"/>
</testsuite> <!-- com.first.Test.FirstTest -->
